[+WORLD: GRID] World initialized 40x50
[+LIDAR: LIDAR] Lidar sensor ready Sensing with pew pews!
[+RADAR: RADAR] Radar sensor ready I'm a Radio star!
[+CAMERA: CAMERA] Camera sensor ready Say cheese!
[+SDC: SDC] SDC created sensors online
[+TRAFFIC_LIGHT: LIGHT:1] Traffic light added
[+TRAFFIC_LIGHT: LIGHT:2] Traffic light added
[+TRAFFIC_SIGN: STOP:1] Traffic sign added
[+TRAFFIC_SIGN: STOP:2] Traffic sign added
[+PARKED_CAR: PARKED CAR:1] Parked car added
[+PARKED_CAR: PARKED CAR:2] Parked car added
[+PARKED_CAR: PARKED CAR:3] Parked car added
[+PARKED_CAR: PARKED CAR:4] Parked car added
[+PARKED_CAR: PARKED CAR:5] Parked car added
[+CAR: CAR:1] Moving car added
[+CAR: CAR:2] Moving car added
[+CAR: CAR:3] Moving car added
[+BIKE: BIKE:1] Moving bike added
[+BIKE: BIKE:2] Moving bike added
[+BIKE: BIKE:3] Moving bike added
[+BIKE: BIKE:4] Moving bike added
[SDC] Moved to (1, 14)
[-OBJECT: CAR:1] destroyed.
[SDC] Moved to (3, 14)
[-OBJECT: BIKE:1] destroyed.
[SDC] Moved to (5, 14)
[SDC] Moved to (5, 16)
[SDC] Moved to (7, 16)
[AUTOPILOT] Obstacle detected (BIKE)! Stopping.
[SDC] Moved to (7, 17)
[SDC] Moved to (9, 17)
[SDC] Moved to (9, 18)
[SDC] Moved to (9, 19)
[SDC] Moved to (10, 19)
[SDC] Moved to (10, 20)
[-OBJECT: CAR:2] destroyed.
[NAV] Reached Target #1 at (10,20)
[SDC] Moved to (12, 20)
[SDC] Moved to (14, 20)
[SDC] Moved to (16, 20)
[SDC] Moved to (18, 20)
[AUTOPILOT] Obstacle detected (PARKED_CAR)! Stopping.
[SDC] Moved to (19, 20)
[-OBJECT: BIKE:2] destroyed.
[SDC] Moved to (21, 20)
[SDC] Moved to (23, 20)
[SDC] Moved to (25, 20)
[SDC] Moved to (27, 20)
[-OBJECT: CAR:3] destroyed.
[SDC] Moved to (29, 20)
[SDC] Moved to (29, 18)
[SDC] Moved to (31, 18)
[SDC] Moved to (31, 17)
[SDC] Moved to (31, 16)
[SDC] Moved to (32, 16)
[SDC] Moved to (32, 15)
[-OBJECT: BIKE:3] destroyed.
[NAV] Reached Target #2 at (32,15)
Simulation Ended: Destination Reached!
Simulation finished after 28 ticks.
[-OBJECT: LIGHT:1] destroyed.
[-OBJECT: LIGHT:2] destroyed.
[-OBJECT: STOP:1] destroyed.
[-OBJECT: STOP:2] destroyed.
[-OBJECT: PARKED CAR:1] destroyed.
[-OBJECT: PARKED CAR:2] destroyed.
[-OBJECT: PARKED CAR:3] destroyed.
[-OBJECT: PARKED CAR:4] destroyed.
[-OBJECT: PARKED CAR:5] destroyed.
[-OBJECT: BIKE:4] destroyed.
[-LIDAR: LIDAR] Lidar offline
[-RADAR: RADAR] Radar offline
[-CAMERA: CAMERA] Camera offline
[-SDC: SDC] SDC destroyed
[-OBJECT: SDC] destroyed.
[-WORLD] World destroyed.
